<?xml version="1.0" encoding="UTF-8"?>
<testng-results skipped="0" failed="0" total="1" passed="1">
  <reporter-output>
  </reporter-output>
  <suite name="Suite" duration-ms="52" started-at="2018-03-24T19:12:36Z" finished-at="2018-03-24T19:12:36Z">
    <groups>
    </groups>
    <test name="Test" duration-ms="52" started-at="2018-03-24T19:12:36Z" finished-at="2018-03-24T19:12:36Z">
      <class name="Demo.NewTest">
        <test-method status="PASS" signature="firstMethod()[pri:0, instance:Demo.NewTest@1ceabc1]" name="firstMethod" duration-ms="23" started-at="2018-03-25T00:42:36Z" finished-at="2018-03-25T00:42:36Z">
          <reporter-output>
          </reporter-output>
        </test-method> <!-- firstMethod -->
      </class> <!-- Demo.NewTest -->
    </test> <!-- Test -->
  </suite> <!-- Suite -->
</testng-results>
